{
  "status": "ok",
  "created_at": "2026-07-18T17:40:14.131479+00:00",
  "system": "vipragsent_no_emotion",
  "seed": 20260522,
  "model_id": "/root/hf_cache/models/phobert-base",
  "device": "cuda",
  "bf16": true,
  "train_records": 8000,
  "dev_records": 2000,
  "test_records": 2000,
  "epochs_completed": 5,
  "elapsed_seconds": 105.235,
  "best_dev_macro_pragmatic_f1": 0.7387404550050253,
  "checkpoint": "/root/paper/artifact/vipragsent-repro/outputs/vipragsent_no_emotion/20260522/best.pt",
  "predictions": "/root/paper/artifact/vipragsent-repro/results/predictions/main_pragmatic/vipragsent_no_emotion/20260522.jsonl",
  "rationales_loaded": 8000,
  "flags": {
    "no_rationale": false,
    "no_emotion": true,
    "no_polarity": false,
    "no_uncertainty": false
  }
}
{"started_at": "2026-07-18T17:38:24.412018+00:00", "cwd": "/root/paper/artifact/vipragsent-repro", "command": ["/usr/bin/python", "scripts/train_multitask_encoder.py", "--model-id", "/root/hf_cache/models/phobert-base", "--system", "vipragsent_no_emotion", "--seed", "20260522", "--output-root", "/root/paper/artifact/vipragsent-repro/outputs", "--prediction-root", "/root/paper/artifact/vipragsent-repro/results/predictions/main_pragmatic", "--batch-size", "16", "--grad-accum", "2", "--epochs", "10", "--patience", "2", "--bf16", "--no-emotion"]}


{"finished_at": "2026-07-18T17:40:15.104488+00:00", "returncode": 0}
