{
  "status": "ok",
  "created_at": "2026-07-18T17:44:14.187772+00:00",
  "system": "vipragsent_no_polarity",
  "seed": 20260521,
  "model_id": "/root/hf_cache/models/phobert-base",
  "device": "cuda",
  "bf16": true,
  "train_records": 8000,
  "dev_records": 2000,
  "test_records": 2000,
  "epochs_completed": 10,
  "elapsed_seconds": 206.827,
  "best_dev_macro_pragmatic_f1": 0.7321567254487559,
  "checkpoint": "/root/paper/artifact/vipragsent-repro/outputs/vipragsent_no_polarity/20260521/best.pt",
  "predictions": "/root/paper/artifact/vipragsent-repro/results/predictions/main_pragmatic/vipragsent_no_polarity/20260521.jsonl",
  "rationales_loaded": 8000,
  "flags": {
    "no_rationale": false,
    "no_emotion": false,
    "no_polarity": true,
    "no_uncertainty": false
  }
}
{"started_at": "2026-07-18T17:40:42.670398+00:00", "cwd": "/root/paper/artifact/vipragsent-repro", "command": ["/usr/bin/python", "scripts/train_multitask_encoder.py", "--model-id", "/root/hf_cache/models/phobert-base", "--system", "vipragsent_no_polarity", "--seed", "20260521", "--output-root", "/root/paper/artifact/vipragsent-repro/outputs", "--prediction-root", "/root/paper/artifact/vipragsent-repro/results/predictions/main_pragmatic", "--batch-size", "16", "--grad-accum", "2", "--epochs", "10", "--patience", "2", "--bf16", "--no-polarity"]}


{"finished_at": "2026-07-18T17:44:15.163463+00:00", "returncode": 0}
