{
  "status": "ok",
  "created_at": "2026-07-18T17:32:59.997137+00:00",
  "system": "vipragsent_no_rationale",
  "seed": 20260521,
  "model_id": "/root/hf_cache/models/phobert-base",
  "device": "cuda",
  "bf16": true,
  "train_records": 8000,
  "dev_records": 2000,
  "test_records": 2000,
  "epochs_completed": 6,
  "elapsed_seconds": 118.995,
  "best_dev_macro_pragmatic_f1": 0.7354200656203119,
  "checkpoint": "/root/paper/artifact/vipragsent-repro/outputs/vipragsent_no_rationale/20260521/best.pt",
  "predictions": "/root/paper/artifact/vipragsent-repro/results/predictions/main_pragmatic/vipragsent_no_rationale/20260521.jsonl",
  "rationales_loaded": 8000,
  "flags": {
    "no_rationale": true,
    "no_emotion": false,
    "no_polarity": false,
    "no_uncertainty": false
  }
}
{"started_at": "2026-07-18T17:30:56.801253+00:00", "cwd": "/root/paper/artifact/vipragsent-repro", "command": ["/usr/bin/python", "scripts/train_multitask_encoder.py", "--model-id", "/root/hf_cache/models/phobert-base", "--system", "vipragsent_no_rationale", "--seed", "20260521", "--output-root", "/root/paper/artifact/vipragsent-repro/outputs", "--prediction-root", "/root/paper/artifact/vipragsent-repro/results/predictions/main_pragmatic", "--batch-size", "16", "--grad-accum", "2", "--epochs", "10", "--patience", "2", "--bf16", "--no-rationale"]}


{"finished_at": "2026-07-18T17:33:00.893161+00:00", "returncode": 0}
