{
  "status": "ok",
  "created_at": "2026-07-18T18:05:24.753545+00:00",
  "system": "vipragsent_full",
  "seed": 20260521,
  "model_id": "/root/hf_cache/models/phobert-base",
  "device": "cuda",
  "bf16": true,
  "train_records": 1024,
  "dev_records": 2000,
  "test_records": 2000,
  "epochs_completed": 10,
  "elapsed_seconds": 58.549,
  "best_dev_macro_pragmatic_f1": 0.5964911503554696,
  "checkpoint": "/root/paper/artifact/vipragsent-repro/outputs/low_resource/256/vipragsent_full/20260521/best.pt",
  "predictions": "/root/paper/artifact/vipragsent-repro/results/predictions/low_resource_sarcasm/256/vipragsent_full/20260521.jsonl",
  "rationales_loaded": 8000,
  "flags": {
    "no_rationale": false,
    "no_emotion": false,
    "no_polarity": false,
    "no_uncertainty": false
  }
}
{"started_at": "2026-07-18T18:04:21.660417+00:00", "cwd": "/root/paper/artifact/vipragsent-repro", "command": ["/usr/bin/python", "scripts/train_multitask_encoder.py", "--model-id", "/root/hf_cache/models/phobert-base", "--system", "vipragsent_full", "--seed", "20260521", "--output-root", "/root/paper/artifact/vipragsent-repro/outputs/low_resource/256", "--prediction-root", "/root/paper/artifact/vipragsent-repro/results/predictions/low_resource_sarcasm/256", "--batch-size", "16", "--grad-accum", "2", "--epochs", "10", "--patience", "2", "--bf16", "--train", "/root/paper/artifact/vipragsent-repro/data/processed/low_resource/sarcasm_256.jsonl"]}


{"finished_at": "2026-07-18T18:05:25.658267+00:00", "returncode": 0}
