{
  "status": "ok",
  "created_at": "2026-07-18T18:01:48.490617+00:00",
  "system": "vipragsent_full",
  "seed": 20260521,
  "model_id": "/root/hf_cache/models/phobert-base",
  "device": "cuda",
  "bf16": true,
  "train_records": 512,
  "dev_records": 2000,
  "test_records": 2000,
  "epochs_completed": 3,
  "elapsed_seconds": 17.499,
  "best_dev_macro_pragmatic_f1": 0.47114806412513016,
  "checkpoint": "/root/paper/artifact/vipragsent-repro/outputs/low_resource/128/vipragsent_full/20260521/best.pt",
  "predictions": "/root/paper/artifact/vipragsent-repro/results/predictions/low_resource_sarcasm/128/vipragsent_full/20260521.jsonl",
  "rationales_loaded": 8000,
  "flags": {
    "no_rationale": false,
    "no_emotion": false,
    "no_polarity": false,
    "no_uncertainty": false
  }
}
{"started_at": "2026-07-18T18:01:26.647377+00:00", "cwd": "/root/paper/artifact/vipragsent-repro", "command": ["/usr/bin/python", "scripts/train_multitask_encoder.py", "--model-id", "/root/hf_cache/models/phobert-base", "--system", "vipragsent_full", "--seed", "20260521", "--output-root", "/root/paper/artifact/vipragsent-repro/outputs/low_resource/128", "--prediction-root", "/root/paper/artifact/vipragsent-repro/results/predictions/low_resource_sarcasm/128", "--batch-size", "16", "--grad-accum", "2", "--epochs", "10", "--patience", "2", "--bf16", "--train", "/root/paper/artifact/vipragsent-repro/data/processed/low_resource/sarcasm_128.jsonl"]}


{"finished_at": "2026-07-18T18:01:49.496551+00:00", "returncode": 0}
