{
  "status": "ok",
  "created_at": "2026-07-18T18:16:38.151778+00:00",
  "system": "phobert_finetune",
  "seed": 20260522,
  "model_id": "/root/hf_cache/models/phobert-base",
  "device": "cuda",
  "bf16": true,
  "train_records": 4096,
  "dev_records": 2000,
  "test_records": 2000,
  "epochs_completed": 10,
  "elapsed_seconds": 119.359,
  "best_dev_macro_pragmatic_f1": 0.8077361660293487,
  "checkpoint": "/root/paper/artifact/vipragsent-repro/outputs/low_resource/1024/phobert_finetune/20260522/best.pt",
  "predictions": "/root/paper/artifact/vipragsent-repro/results/predictions/low_resource_sarcasm/1024/phobert_finetune/20260522.jsonl",
  "rationales_loaded": 8000,
  "flags": {
    "no_rationale": true,
    "no_emotion": true,
    "no_polarity": true,
    "no_uncertainty": false
  }
}
{"started_at": "2026-07-18T18:14:34.445041+00:00", "cwd": "/root/paper/artifact/vipragsent-repro", "command": ["/usr/bin/python", "scripts/train_multitask_encoder.py", "--model-id", "/root/hf_cache/models/phobert-base", "--system", "phobert_finetune", "--seed", "20260522", "--output-root", "/root/paper/artifact/vipragsent-repro/outputs/low_resource/1024", "--prediction-root", "/root/paper/artifact/vipragsent-repro/results/predictions/low_resource_sarcasm/1024", "--batch-size", "16", "--grad-accum", "2", "--epochs", "10", "--patience", "2", "--bf16", "--no-rationale", "--no-emotion", "--no-polarity", "--train", "/root/paper/artifact/vipragsent-repro/data/processed/low_resource/sarcasm_1024.jsonl"]}


{"finished_at": "2026-07-18T18:16:38.998607+00:00", "returncode": 0}
