{
  "status": "ok",
  "created_at": "2026-07-18T18:12:28.357995+00:00",
  "system": "vipragsent_full",
  "seed": 20260522,
  "model_id": "/root/hf_cache/models/phobert-base",
  "device": "cuda",
  "bf16": true,
  "train_records": 2048,
  "dev_records": 2000,
  "test_records": 2000,
  "epochs_completed": 10,
  "elapsed_seconds": 83.953,
  "best_dev_macro_pragmatic_f1": 0.7045500630372711,
  "checkpoint": "/root/paper/artifact/vipragsent-repro/outputs/low_resource/512/vipragsent_full/20260522/best.pt",
  "predictions": "/root/paper/artifact/vipragsent-repro/results/predictions/low_resource_sarcasm/512/vipragsent_full/20260522.jsonl",
  "rationales_loaded": 8000,
  "flags": {
    "no_rationale": false,
    "no_emotion": false,
    "no_polarity": false,
    "no_uncertainty": false
  }
}
{"started_at": "2026-07-18T18:11:00.227208+00:00", "cwd": "/root/paper/artifact/vipragsent-repro", "command": ["/usr/bin/python", "scripts/train_multitask_encoder.py", "--model-id", "/root/hf_cache/models/phobert-base", "--system", "vipragsent_full", "--seed", "20260522", "--output-root", "/root/paper/artifact/vipragsent-repro/outputs/low_resource/512", "--prediction-root", "/root/paper/artifact/vipragsent-repro/results/predictions/low_resource_sarcasm/512", "--batch-size", "16", "--grad-accum", "2", "--epochs", "10", "--patience", "2", "--bf16", "--train", "/root/paper/artifact/vipragsent-repro/data/processed/low_resource/sarcasm_512.jsonl"]}


{"finished_at": "2026-07-18T18:12:29.283196+00:00", "returncode": 0}
